
> bookbazaar-client@1.0.0 build
> vite build

[36mvite v5.4.21 [32mbuilding for production...[36m[39m
transforming...
node_modules/react-helmet-async/lib/index.module.js (1:7186): A comment

"/*#__PURE__*/"

in "node_modules/react-helmet-async/lib/index.module.js" contains an annotation that Rollup cannot interpret due to the position of the comment. The comment will be removed to avoid issues.
node_modules/react-helmet-async/lib/index.module.js (1:13561): A comment

"/*#__PURE__*/"

in "node_modules/react-helmet-async/lib/index.module.js" contains an annotation that Rollup cannot interpret due to the position of the comment. The comment will be removed to avoid issues.
[32m✓[39m 2866 modules transformed.
rendering chunks...
computing gzip size...
[2mdist/[22m[32mindex.html                 [39m[1m[2m  0.40 kB[22m[1m[22m[2m │ gzip:   0.27 kB[22m
[2mdist/[22m[35massets/index-DgaBIK5H.css  [39m[1m[2m 32.67 kB[22m[1m[22m[2m │ gzip:   6.36 kB[22m
[2mdist/[22m[36massets/index-DiMTh-La.js   [39m[1m[33m749.02 kB[39m[22m[2m │ gzip: 227.51 kB[22m
[33m
(!) Some chunks are larger than 500 kB after minification. Consider:
- Using dynamic import() to code-split the application
- Use build.rollupOptions.output.manualChunks to improve chunking: https://rollupjs.org/configuration-options/#output-manualchunks
- Adjust chunk size limit for this warning via build.chunkSizeWarningLimit.[39m
[32m✓ built in 10.23s[39m
